The system is: Linux - 6.10.14-linuxkit - aarch64
Compiling the C compiler identification source file "CMakeCCompilerId.c" succeeded.
Compiler: /usr/local/bin/aarch64-linux-gnu-gcc 
Build flags: 
Id flags:  

The output was:
0


Compilation of the C compiler identification source "CMakeCCompilerId.c" produced "a.out"

The C compiler identification is GNU, found in "/workspaces/ProgettoCG/build/CMakeFiles/3.25.1/CompilerIdC/a.out"

Compiling the CXX compiler identification source file "CMakeCXXCompilerId.cpp" succeeded.
Compiler: /usr/local/bin/aarch64-linux-gnu-g++ 
Build flags: 
Id flags:  

The output was:
0


Compilation of the CXX compiler identification source "CMakeCXXCompilerId.cpp" produced "a.out"

The CXX compiler identification is GNU, found in "/workspaces/ProgettoCG/build/CMakeFiles/3.25.1/CompilerIdCXX/a.out"

Detecting C compiler ABI info compiled with the following output:
Change Dir: /workspaces/ProgettoCG/build/CMakeFiles/CMakeScratch/TryCompile-LGopXn

Run Build Command(s):/usr/bin/ninja cmTC_f3257 && [1/2] Building C object CMakeFiles/cmTC_f3257.dir/CMakeCCompilerABI.c.o
Using built-in specs.
COLLECT_GCC=/usr/local/bin/aarch64-linux-gnu-gcc
Target: aarch64-linux-gnu
Configured with: /usr/src/gcc/configure --build=aarch64-linux-gnu --disable-multilib --enable-languages=c,c++,fortran,go
Thread model: posix
Supported LTO compression algorithms: zlib zstd
gcc version 14.2.0 (GCC) 
COLLECT_GCC_OPTIONS='-v' '-o' 'CMakeFiles/cmTC_f3257.dir/CMakeCCompilerABI.c.o' '-c' '-mlittle-endian' '-mabi=lp64' '-dumpdir' 'CMakeFiles/cmTC_f3257.dir/'
 /usr/local/libexec/gcc/aarch64-linux-gnu/14.2.0/cc1 -quiet -v -imultiarch aarch64-linux-gnu /usr/share/cmake-3.25/Modules/CMakeCCompilerABI.c -quiet -dumpdir CMakeFiles/cmTC_f3257.dir/ -dumpbase CMakeCCompilerABI.c.c -dumpbase-ext .c -mlittle-endian -mabi=lp64 -version -o /tmp/ccaQpDpE.s
GNU C17 (GCC) version 14.2.0 (aarch64-linux-gnu)
	compiled by GNU C version 14.2.0, GMP version 6.2.1, MPFR version 4.1.0, MPC version 1.2.1, isl version isl-0.24-GMP

GGC heuristics: --param ggc-min-expand=100 --param ggc-min-heapsize=131072
ignoring nonexistent directory "/usr/local/include/aarch64-linux-gnu"
ignoring nonexistent directory "/usr/local/lib/gcc/aarch64-linux-gnu/14.2.0/include-fixed/aarch64-linux-gnu"
ignoring nonexistent directory "/usr/local/lib/gcc/aarch64-linux-gnu/14.2.0/../../../../aarch64-linux-gnu/include"
#include "..." search starts here:
#include <...> search starts here:
 /usr/local/lib/gcc/aarch64-linux-gnu/14.2.0/include
 /usr/local/include
 /usr/local/lib/gcc/aarch64-linux-gnu/14.2.0/include-fixed
 /usr/include/aarch64-linux-gnu
 /usr/include
End of search list.
Compiler executable checksum: 612619089d849f8798d5d5b6314d960b
COLLECT_GCC_OPTIONS='-v' '-o' 'CMakeFiles/cmTC_f3257.dir/CMakeCCompilerABI.c.o' '-c' '-mlittle-endian' '-mabi=lp64' '-dumpdir' 'CMakeFiles/cmTC_f3257.dir/'
 as -v -EL -mabi=lp64 -o CMakeFiles/cmTC_f3257.dir/CMakeCCompilerABI.c.o /tmp/ccaQpDpE.s
GNU assembler version 2.40 (aarch64-linux-gnu) using BFD version (GNU Binutils for Debian) 2.40
COMPILER_PATH=/usr/local/libexec/gcc/aarch64-linux-gnu/14.2.0/:/usr/local/libexec/gcc/aarch64-linux-gnu/14.2.0/:/usr/local/libexec/gcc/aarch64-linux-gnu/:/usr/local/lib/gcc/aarch64-linux-gnu/14.2.0/:/usr/local/lib/gcc/aarch64-linux-gnu/
LIBRARY_PATH=/usr/local/lib/gcc/aarch64-linux-gnu/14.2.0/:/usr/local/lib/gcc/aarch64-linux-gnu/14.2.0/../../../../lib64/:/lib/aarch64-linux-gnu/:/usr/lib/aarch64-linux-gnu/:/usr/local/lib/gcc/aarch64-linux-gnu/14.2.0/../../../:/lib/:/usr/lib/
COLLECT_GCC_OPTIONS='-v' '-o' 'CMakeFiles/cmTC_f3257.dir/CMakeCCompilerABI.c.o' '-c' '-mlittle-endian' '-mabi=lp64' '-dumpdir' 'CMakeFiles/cmTC_f3257.dir/CMakeCCompilerABI.c.'
[2/2] Linking C executable cmTC_f3257
Using built-in specs.
COLLECT_GCC=/usr/local/bin/aarch64-linux-gnu-gcc
COLLECT_LTO_WRAPPER=/usr/local/libexec/gcc/aarch64-linux-gnu/14.2.0/lto-wrapper
Target: aarch64-linux-gnu
Configured with: /usr/src/gcc/configure --build=aarch64-linux-gnu --disable-multilib --enable-languages=c,c++,fortran,go
Thread model: posix
Supported LTO compression algorithms: zlib zstd
gcc version 14.2.0 (GCC) 
COMPILER_PATH=/usr/local/libexec/gcc/aarch64-linux-gnu/14.2.0/:/usr/local/libexec/gcc/aarch64-linux-gnu/14.2.0/:/usr/local/libexec/gcc/aarch64-linux-gnu/:/usr/local/lib/gcc/aarch64-linux-gnu/14.2.0/:/usr/local/lib/gcc/aarch64-linux-gnu/
LIBRARY_PATH=/usr/local/lib/gcc/aarch64-linux-gnu/14.2.0/:/usr/local/lib/gcc/aarch64-linux-gnu/14.2.0/../../../../lib64/:/lib/aarch64-linux-gnu/:/usr/lib/aarch64-linux-gnu/:/usr/local/lib/gcc/aarch64-linux-gnu/14.2.0/../../../:/lib/:/usr/lib/
COLLECT_GCC_OPTIONS='-v' '-o' 'cmTC_f3257' '-mlittle-endian' '-mabi=lp64' '-dumpdir' 'cmTC_f3257.'
 /usr/local/libexec/gcc/aarch64-linux-gnu/14.2.0/collect2 -plugin /usr/local/libexec/gcc/aarch64-linux-gnu/14.2.0/liblto_plugin.so -plugin-opt=/usr/local/libexec/gcc/aarch64-linux-gnu/14.2.0/lto-wrapper -plugin-opt=-fresolution=/tmp/ccK45pf2.res -plugin-opt=-pass-through=-lgcc -plugin-opt=-pass-through=-lgcc_s -plugin-opt=-pass-through=-lc -plugin-opt=-pass-through=-lgcc -plugin-opt=-pass-through=-lgcc_s --eh-frame-hdr -dynamic-linker /lib/ld-linux-aarch64.so.1 -X -EL -maarch64linux -o cmTC_f3257 /lib/aarch64-linux-gnu/crt1.o /lib/aarch64-linux-gnu/crti.o /usr/local/lib/gcc/aarch64-linux-gnu/14.2.0/crtbegin.o -L/usr/local/lib/gcc/aarch64-linux-gnu/14.2.0 -L/usr/local/lib/gcc/aarch64-linux-gnu/14.2.0/../../../../lib64 -L/lib/aarch64-linux-gnu -L/usr/lib/aarch64-linux-gnu -L/usr/local/lib/gcc/aarch64-linux-gnu/14.2.0/../../.. CMakeFiles/cmTC_f3257.dir/CMakeCCompilerABI.c.o -lgcc --push-state --as-needed -lgcc_s --pop-state -lc -lgcc --push-state --as-needed -lgcc_s --pop-state /usr/local/lib/gcc/aarch64-linux-gnu/14.2.0/crtend.o /lib/aarch64-linux-gnu/crtn.o
COLLECT_GCC_OPTIONS='-v' '-o' 'cmTC_f3257' '-mlittle-endian' '-mabi=lp64' '-dumpdir' 'cmTC_f3257.'



Parsed C implicit include dir info from above output: rv=done
  found start of include info
  found start of implicit include info
    add: [/usr/local/lib/gcc/aarch64-linux-gnu/14.2.0/include]
    add: [/usr/local/include]
    add: [/usr/local/lib/gcc/aarch64-linux-gnu/14.2.0/include-fixed]
    add: [/usr/include/aarch64-linux-gnu]
    add: [/usr/include]
  end of search list found
  collapse include dir [/usr/local/lib/gcc/aarch64-linux-gnu/14.2.0/include] ==> [/usr/local/lib/gcc/aarch64-linux-gnu/14.2.0/include]
  collapse include dir [/usr/local/include] ==> [/usr/local/include]
  collapse include dir [/usr/local/lib/gcc/aarch64-linux-gnu/14.2.0/include-fixed] ==> [/usr/local/lib/gcc/aarch64-linux-gnu/14.2.0/include-fixed]
  collapse include dir [/usr/include/aarch64-linux-gnu] ==> [/usr/include/aarch64-linux-gnu]
  collapse include dir [/usr/include] ==> [/usr/include]
  implicit include dirs: [/usr/local/lib/gcc/aarch64-linux-gnu/14.2.0/include;/usr/local/include;/usr/local/lib/gcc/aarch64-linux-gnu/14.2.0/include-fixed;/usr/include/aarch64-linux-gnu;/usr/include]


Parsed C implicit link information from above output:
  link line regex: [^( *|.*[/\])(aarch64-linux-gnu-ld|CMAKE_LINK_STARTFILE-NOTFOUND|([^/\]+-)?ld|collect2)[^/\]*( |$)]
  ignore line: [Change Dir: /workspaces/ProgettoCG/build/CMakeFiles/CMakeScratch/TryCompile-LGopXn]
  ignore line: []
  ignore line: [Run Build Command(s):/usr/bin/ninja cmTC_f3257 && [1/2] Building C object CMakeFiles/cmTC_f3257.dir/CMakeCCompilerABI.c.o]
  ignore line: [Using built-in specs.]
  ignore line: [COLLECT_GCC=/usr/local/bin/aarch64-linux-gnu-gcc]
  ignore line: [Target: aarch64-linux-gnu]
  ignore line: [Configured with: /usr/src/gcc/configure --build=aarch64-linux-gnu --disable-multilib --enable-languages=c c++ fortran go]
  ignore line: [Thread model: posix]
  ignore line: [Supported LTO compression algorithms: zlib zstd]
  ignore line: [gcc version 14.2.0 (GCC) ]
  ignore line: [COLLECT_GCC_OPTIONS='-v' '-o' 'CMakeFiles/cmTC_f3257.dir/CMakeCCompilerABI.c.o' '-c' '-mlittle-endian' '-mabi=lp64' '-dumpdir' 'CMakeFiles/cmTC_f3257.dir/']
  ignore line: [ /usr/local/libexec/gcc/aarch64-linux-gnu/14.2.0/cc1 -quiet -v -imultiarch aarch64-linux-gnu /usr/share/cmake-3.25/Modules/CMakeCCompilerABI.c -quiet -dumpdir CMakeFiles/cmTC_f3257.dir/ -dumpbase CMakeCCompilerABI.c.c -dumpbase-ext .c -mlittle-endian -mabi=lp64 -version -o /tmp/ccaQpDpE.s]
  ignore line: [GNU C17 (GCC) version 14.2.0 (aarch64-linux-gnu)]
  ignore line: [	compiled by GNU C version 14.2.0  GMP version 6.2.1  MPFR version 4.1.0  MPC version 1.2.1  isl version isl-0.24-GMP]
  ignore line: []
  ignore line: [GGC heuristics: --param ggc-min-expand=100 --param ggc-min-heapsize=131072]
  ignore line: [ignoring nonexistent directory "/usr/local/include/aarch64-linux-gnu"]
  ignore line: [ignoring nonexistent directory "/usr/local/lib/gcc/aarch64-linux-gnu/14.2.0/include-fixed/aarch64-linux-gnu"]
  ignore line: [ignoring nonexistent directory "/usr/local/lib/gcc/aarch64-linux-gnu/14.2.0/../../../../aarch64-linux-gnu/include"]
  ignore line: [#include "..." search starts here:]
  ignore line: [#include <...> search starts here:]
  ignore line: [ /usr/local/lib/gcc/aarch64-linux-gnu/14.2.0/include]
  ignore line: [ /usr/local/include]
  ignore line: [ /usr/local/lib/gcc/aarch64-linux-gnu/14.2.0/include-fixed]
  ignore line: [ /usr/include/aarch64-linux-gnu]
  ignore line: [ /usr/include]
  ignore line: [End of search list.]
  ignore line: [Compiler executable checksum: 612619089d849f8798d5d5b6314d960b]
  ignore line: [COLLECT_GCC_OPTIONS='-v' '-o' 'CMakeFiles/cmTC_f3257.dir/CMakeCCompilerABI.c.o' '-c' '-mlittle-endian' '-mabi=lp64' '-dumpdir' 'CMakeFiles/cmTC_f3257.dir/']
  ignore line: [ as -v -EL -mabi=lp64 -o CMakeFiles/cmTC_f3257.dir/CMakeCCompilerABI.c.o /tmp/ccaQpDpE.s]
  ignore line: [GNU assembler version 2.40 (aarch64-linux-gnu) using BFD version (GNU Binutils for Debian) 2.40]
  ignore line: [COMPILER_PATH=/usr/local/libexec/gcc/aarch64-linux-gnu/14.2.0/:/usr/local/libexec/gcc/aarch64-linux-gnu/14.2.0/:/usr/local/libexec/gcc/aarch64-linux-gnu/:/usr/local/lib/gcc/aarch64-linux-gnu/14.2.0/:/usr/local/lib/gcc/aarch64-linux-gnu/]
  ignore line: [LIBRARY_PATH=/usr/local/lib/gcc/aarch64-linux-gnu/14.2.0/:/usr/local/lib/gcc/aarch64-linux-gnu/14.2.0/../../../../lib64/:/lib/aarch64-linux-gnu/:/usr/lib/aarch64-linux-gnu/:/usr/local/lib/gcc/aarch64-linux-gnu/14.2.0/../../../:/lib/:/usr/lib/]
  ignore line: [COLLECT_GCC_OPTIONS='-v' '-o' 'CMakeFiles/cmTC_f3257.dir/CMakeCCompilerABI.c.o' '-c' '-mlittle-endian' '-mabi=lp64' '-dumpdir' 'CMakeFiles/cmTC_f3257.dir/CMakeCCompilerABI.c.']
  ignore line: [[2/2] Linking C executable cmTC_f3257]
  ignore line: [Using built-in specs.]
  ignore line: [COLLECT_GCC=/usr/local/bin/aarch64-linux-gnu-gcc]
  ignore line: [COLLECT_LTO_WRAPPER=/usr/local/libexec/gcc/aarch64-linux-gnu/14.2.0/lto-wrapper]
  ignore line: [Target: aarch64-linux-gnu]
  ignore line: [Configured with: /usr/src/gcc/configure --build=aarch64-linux-gnu --disable-multilib --enable-languages=c c++ fortran go]
  ignore line: [Thread model: posix]
  ignore line: [Supported LTO compression algorithms: zlib zstd]
  ignore line: [gcc version 14.2.0 (GCC) ]
  ignore line: [COMPILER_PATH=/usr/local/libexec/gcc/aarch64-linux-gnu/14.2.0/:/usr/local/libexec/gcc/aarch64-linux-gnu/14.2.0/:/usr/local/libexec/gcc/aarch64-linux-gnu/:/usr/local/lib/gcc/aarch64-linux-gnu/14.2.0/:/usr/local/lib/gcc/aarch64-linux-gnu/]
  ignore line: [LIBRARY_PATH=/usr/local/lib/gcc/aarch64-linux-gnu/14.2.0/:/usr/local/lib/gcc/aarch64-linux-gnu/14.2.0/../../../../lib64/:/lib/aarch64-linux-gnu/:/usr/lib/aarch64-linux-gnu/:/usr/local/lib/gcc/aarch64-linux-gnu/14.2.0/../../../:/lib/:/usr/lib/]
  ignore line: [COLLECT_GCC_OPTIONS='-v' '-o' 'cmTC_f3257' '-mlittle-endian' '-mabi=lp64' '-dumpdir' 'cmTC_f3257.']
  link line: [ /usr/local/libexec/gcc/aarch64-linux-gnu/14.2.0/collect2 -plugin /usr/local/libexec/gcc/aarch64-linux-gnu/14.2.0/liblto_plugin.so -plugin-opt=/usr/local/libexec/gcc/aarch64-linux-gnu/14.2.0/lto-wrapper -plugin-opt=-fresolution=/tmp/ccK45pf2.res -plugin-opt=-pass-through=-lgcc -plugin-opt=-pass-through=-lgcc_s -plugin-opt=-pass-through=-lc -plugin-opt=-pass-through=-lgcc -plugin-opt=-pass-through=-lgcc_s --eh-frame-hdr -dynamic-linker /lib/ld-linux-aarch64.so.1 -X -EL -maarch64linux -o cmTC_f3257 /lib/aarch64-linux-gnu/crt1.o /lib/aarch64-linux-gnu/crti.o /usr/local/lib/gcc/aarch64-linux-gnu/14.2.0/crtbegin.o -L/usr/local/lib/gcc/aarch64-linux-gnu/14.2.0 -L/usr/local/lib/gcc/aarch64-linux-gnu/14.2.0/../../../../lib64 -L/lib/aarch64-linux-gnu -L/usr/lib/aarch64-linux-gnu -L/usr/local/lib/gcc/aarch64-linux-gnu/14.2.0/../../.. CMakeFiles/cmTC_f3257.dir/CMakeCCompilerABI.c.o -lgcc --push-state --as-needed -lgcc_s --pop-state -lc -lgcc --push-state --as-needed -lgcc_s --pop-state /usr/local/lib/gcc/aarch64-linux-gnu/14.2.0/crtend.o /lib/aarch64-linux-gnu/crtn.o]
    arg [/usr/local/libexec/gcc/aarch64-linux-gnu/14.2.0/collect2] ==> ignore
    arg [-plugin] ==> ignore
    arg [/usr/local/libexec/gcc/aarch64-linux-gnu/14.2.0/liblto_plugin.so] ==> ignore
    arg [-plugin-opt=/usr/local/libexec/gcc/aarch64-linux-gnu/14.2.0/lto-wrapper] ==> ignore
    arg [-plugin-opt=-fresolution=/tmp/ccK45pf2.res] ==> ignore
    arg [-plugin-opt=-pass-through=-lgcc] ==> ignore
    arg [-plugin-opt=-pass-through=-lgcc_s] ==> ignore
    arg [-plugin-opt=-pass-through=-lc] ==> ignore
    arg [-plugin-opt=-pass-through=-lgcc] ==> ignore
    arg [-plugin-opt=-pass-through=-lgcc_s] ==> ignore
    arg [--eh-frame-hdr] ==> ignore
    arg [-dynamic-linker] ==> ignore
    arg [/lib/ld-linux-aarch64.so.1] ==> ignore
    arg [-X] ==> ignore
    arg [-EL] ==> ignore
    arg [-maarch64linux] ==> ignore
    arg [-o] ==> ignore
    arg [cmTC_f3257] ==> ignore
    arg [/lib/aarch64-linux-gnu/crt1.o] ==> obj [/lib/aarch64-linux-gnu/crt1.o]
    arg [/lib/aarch64-linux-gnu/crti.o] ==> obj [/lib/aarch64-linux-gnu/crti.o]
    arg [/usr/local/lib/gcc/aarch64-linux-gnu/14.2.0/crtbegin.o] ==> obj [/usr/local/lib/gcc/aarch64-linux-gnu/14.2.0/crtbegin.o]
    arg [-L/usr/local/lib/gcc/aarch64-linux-gnu/14.2.0] ==> dir [/usr/local/lib/gcc/aarch64-linux-gnu/14.2.0]
    arg [-L/usr/local/lib/gcc/aarch64-linux-gnu/14.2.0/../../../../lib64] ==> dir [/usr/local/lib/gcc/aarch64-linux-gnu/14.2.0/../../../../lib64]
    arg [-L/lib/aarch64-linux-gnu] ==> dir [/lib/aarch64-linux-gnu]
    arg [-L/usr/lib/aarch64-linux-gnu] ==> dir [/usr/lib/aarch64-linux-gnu]
    arg [-L/usr/local/lib/gcc/aarch64-linux-gnu/14.2.0/../../..] ==> dir [/usr/local/lib/gcc/aarch64-linux-gnu/14.2.0/../../..]
    arg [CMakeFiles/cmTC_f3257.dir/CMakeCCompilerABI.c.o] ==> ignore
    arg [-lgcc] ==> lib [gcc]
    arg [--push-state] ==> ignore
    arg [--as-needed] ==> ignore
    arg [-lgcc_s] ==> lib [gcc_s]
    arg [--pop-state] ==> ignore
    arg [-lc] ==> lib [c]
    arg [-lgcc] ==> lib [gcc]
    arg [--push-state] ==> ignore
    arg [--as-needed] ==> ignore
    arg [-lgcc_s] ==> lib [gcc_s]
    arg [--pop-state] ==> ignore
    arg [/usr/local/lib/gcc/aarch64-linux-gnu/14.2.0/crtend.o] ==> obj [/usr/local/lib/gcc/aarch64-linux-gnu/14.2.0/crtend.o]
    arg [/lib/aarch64-linux-gnu/crtn.o] ==> obj [/lib/aarch64-linux-gnu/crtn.o]
  collapse library dir [/usr/local/lib/gcc/aarch64-linux-gnu/14.2.0] ==> [/usr/local/lib/gcc/aarch64-linux-gnu/14.2.0]
  collapse library dir [/usr/local/lib/gcc/aarch64-linux-gnu/14.2.0/../../../../lib64] ==> [/usr/local/lib64]
  collapse library dir [/lib/aarch64-linux-gnu] ==> [/lib/aarch64-linux-gnu]
  collapse library dir [/usr/lib/aarch64-linux-gnu] ==> [/usr/lib/aarch64-linux-gnu]
  collapse library dir [/usr/local/lib/gcc/aarch64-linux-gnu/14.2.0/../../..] ==> [/usr/local/lib]
  implicit libs: [gcc;gcc_s;c;gcc;gcc_s]
  implicit objs: [/lib/aarch64-linux-gnu/crt1.o;/lib/aarch64-linux-gnu/crti.o;/usr/local/lib/gcc/aarch64-linux-gnu/14.2.0/crtbegin.o;/usr/local/lib/gcc/aarch64-linux-gnu/14.2.0/crtend.o;/lib/aarch64-linux-gnu/crtn.o]
  implicit dirs: [/usr/local/lib/gcc/aarch64-linux-gnu/14.2.0;/usr/local/lib64;/lib/aarch64-linux-gnu;/usr/lib/aarch64-linux-gnu;/usr/local/lib]
  implicit fwks: []


Detecting CXX compiler ABI info compiled with the following output:
Change Dir: /workspaces/ProgettoCG/build/CMakeFiles/CMakeScratch/TryCompile-eOXjEQ

Run Build Command(s):/usr/bin/ninja cmTC_418f4 && [1/2] Building CXX object CMakeFiles/cmTC_418f4.dir/CMakeCXXCompilerABI.cpp.o
Using built-in specs.
COLLECT_GCC=/usr/local/bin/aarch64-linux-gnu-g++
Target: aarch64-linux-gnu
Configured with: /usr/src/gcc/configure --build=aarch64-linux-gnu --disable-multilib --enable-languages=c,c++,fortran,go
Thread model: posix
Supported LTO compression algorithms: zlib zstd
gcc version 14.2.0 (GCC) 
COLLECT_GCC_OPTIONS='-v' '-o' 'CMakeFiles/cmTC_418f4.dir/CMakeCXXCompilerABI.cpp.o' '-c' '-shared-libgcc' '-mlittle-endian' '-mabi=lp64' '-dumpdir' 'CMakeFiles/cmTC_418f4.dir/'
 /usr/local/libexec/gcc/aarch64-linux-gnu/14.2.0/cc1plus -quiet -v -imultiarch aarch64-linux-gnu -D_GNU_SOURCE /usr/share/cmake-3.25/Modules/CMakeCXXCompilerABI.cpp -quiet -dumpdir CMakeFiles/cmTC_418f4.dir/ -dumpbase CMakeCXXCompilerABI.cpp.cpp -dumpbase-ext .cpp -mlittle-endian -mabi=lp64 -version -o /tmp/ccGrWGYe.s
GNU C++17 (GCC) version 14.2.0 (aarch64-linux-gnu)
	compiled by GNU C version 14.2.0, GMP version 6.2.1, MPFR version 4.1.0, MPC version 1.2.1, isl version isl-0.24-GMP

GGC heuristics: --param ggc-min-expand=100 --param ggc-min-heapsize=131072
ignoring nonexistent directory "/usr/local/include/aarch64-linux-gnu"
ignoring nonexistent directory "/usr/local/lib/gcc/aarch64-linux-gnu/14.2.0/include-fixed/aarch64-linux-gnu"
ignoring nonexistent directory "/usr/local/lib/gcc/aarch64-linux-gnu/14.2.0/../../../../aarch64-linux-gnu/include"
#include "..." search starts here:
#include <...> search starts here:
 /usr/local/lib/gcc/aarch64-linux-gnu/14.2.0/../../../../include/c++/14.2.0
 /usr/local/lib/gcc/aarch64-linux-gnu/14.2.0/../../../../include/c++/14.2.0/aarch64-linux-gnu
 /usr/local/lib/gcc/aarch64-linux-gnu/14.2.0/../../../../include/c++/14.2.0/backward
 /usr/local/lib/gcc/aarch64-linux-gnu/14.2.0/include
 /usr/local/include
 /usr/local/lib/gcc/aarch64-linux-gnu/14.2.0/include-fixed
 /usr/include/aarch64-linux-gnu
 /usr/include
End of search list.
Compiler executable checksum: 7569389ba93da353bdc1135f4c4e72d6
COLLECT_GCC_OPTIONS='-v' '-o' 'CMakeFiles/cmTC_418f4.dir/CMakeCXXCompilerABI.cpp.o' '-c' '-shared-libgcc' '-mlittle-endian' '-mabi=lp64' '-dumpdir' 'CMakeFiles/cmTC_418f4.dir/'
 as -v -EL -mabi=lp64 -o CMakeFiles/cmTC_418f4.dir/CMakeCXXCompilerABI.cpp.o /tmp/ccGrWGYe.s
GNU assembler version 2.40 (aarch64-linux-gnu) using BFD version (GNU Binutils for Debian) 2.40
COMPILER_PATH=/usr/local/libexec/gcc/aarch64-linux-gnu/14.2.0/:/usr/local/libexec/gcc/aarch64-linux-gnu/14.2.0/:/usr/local/libexec/gcc/aarch64-linux-gnu/:/usr/local/lib/gcc/aarch64-linux-gnu/14.2.0/:/usr/local/lib/gcc/aarch64-linux-gnu/
LIBRARY_PATH=/usr/local/lib/gcc/aarch64-linux-gnu/14.2.0/:/usr/local/lib/gcc/aarch64-linux-gnu/14.2.0/../../../../lib64/:/lib/aarch64-linux-gnu/:/usr/lib/aarch64-linux-gnu/:/usr/local/lib/gcc/aarch64-linux-gnu/14.2.0/../../../:/lib/:/usr/lib/
COLLECT_GCC_OPTIONS='-v' '-o' 'CMakeFiles/cmTC_418f4.dir/CMakeCXXCompilerABI.cpp.o' '-c' '-shared-libgcc' '-mlittle-endian' '-mabi=lp64' '-dumpdir' 'CMakeFiles/cmTC_418f4.dir/CMakeCXXCompilerABI.cpp.'
[2/2] Linking CXX executable cmTC_418f4
Using built-in specs.
COLLECT_GCC=/usr/local/bin/aarch64-linux-gnu-g++
COLLECT_LTO_WRAPPER=/usr/local/libexec/gcc/aarch64-linux-gnu/14.2.0/lto-wrapper
Target: aarch64-linux-gnu
Configured with: /usr/src/gcc/configure --build=aarch64-linux-gnu --disable-multilib --enable-languages=c,c++,fortran,go
Thread model: posix
Supported LTO compression algorithms: zlib zstd
gcc version 14.2.0 (GCC) 
COMPILER_PATH=/usr/local/libexec/gcc/aarch64-linux-gnu/14.2.0/:/usr/local/libexec/gcc/aarch64-linux-gnu/14.2.0/:/usr/local/libexec/gcc/aarch64-linux-gnu/:/usr/local/lib/gcc/aarch64-linux-gnu/14.2.0/:/usr/local/lib/gcc/aarch64-linux-gnu/
LIBRARY_PATH=/usr/local/lib/gcc/aarch64-linux-gnu/14.2.0/:/usr/local/lib/gcc/aarch64-linux-gnu/14.2.0/../../../../lib64/:/lib/aarch64-linux-gnu/:/usr/lib/aarch64-linux-gnu/:/usr/local/lib/gcc/aarch64-linux-gnu/14.2.0/../../../:/lib/:/usr/lib/
COLLECT_GCC_OPTIONS='-v' '-o' 'cmTC_418f4' '-shared-libgcc' '-mlittle-endian' '-mabi=lp64' '-dumpdir' 'cmTC_418f4.'
 /usr/local/libexec/gcc/aarch64-linux-gnu/14.2.0/collect2 -plugin /usr/local/libexec/gcc/aarch64-linux-gnu/14.2.0/liblto_plugin.so -plugin-opt=/usr/local/libexec/gcc/aarch64-linux-gnu/14.2.0/lto-wrapper -plugin-opt=-fresolution=/tmp/ccSjxzE5.res -plugin-opt=-pass-through=-lgcc_s -plugin-opt=-pass-through=-lgcc -plugin-opt=-pass-through=-lc -plugin-opt=-pass-through=-lgcc_s -plugin-opt=-pass-through=-lgcc --eh-frame-hdr -dynamic-linker /lib/ld-linux-aarch64.so.1 -X -EL -maarch64linux -o cmTC_418f4 /lib/aarch64-linux-gnu/crt1.o /lib/aarch64-linux-gnu/crti.o /usr/local/lib/gcc/aarch64-linux-gnu/14.2.0/crtbegin.o -L/usr/local/lib/gcc/aarch64-linux-gnu/14.2.0 -L/usr/local/lib/gcc/aarch64-linux-gnu/14.2.0/../../../../lib64 -L/lib/aarch64-linux-gnu -L/usr/lib/aarch64-linux-gnu -L/usr/local/lib/gcc/aarch64-linux-gnu/14.2.0/../../.. CMakeFiles/cmTC_418f4.dir/CMakeCXXCompilerABI.cpp.o -lstdc++ -lm -lgcc_s -lgcc -lc -lgcc_s -lgcc /usr/local/lib/gcc/aarch64-linux-gnu/14.2.0/crtend.o /lib/aarch64-linux-gnu/crtn.o
COLLECT_GCC_OPTIONS='-v' '-o' 'cmTC_418f4' '-shared-libgcc' '-mlittle-endian' '-mabi=lp64' '-dumpdir' 'cmTC_418f4.'



Parsed CXX implicit include dir info from above output: rv=done
  found start of include info
  found start of implicit include info
    add: [/usr/local/lib/gcc/aarch64-linux-gnu/14.2.0/../../../../include/c++/14.2.0]
    add: [/usr/local/lib/gcc/aarch64-linux-gnu/14.2.0/../../../../include/c++/14.2.0/aarch64-linux-gnu]
    add: [/usr/local/lib/gcc/aarch64-linux-gnu/14.2.0/../../../../include/c++/14.2.0/backward]
    add: [/usr/local/lib/gcc/aarch64-linux-gnu/14.2.0/include]
    add: [/usr/local/include]
    add: [/usr/local/lib/gcc/aarch64-linux-gnu/14.2.0/include-fixed]
    add: [/usr/include/aarch64-linux-gnu]
    add: [/usr/include]
  end of search list found
  collapse include dir [/usr/local/lib/gcc/aarch64-linux-gnu/14.2.0/../../../../include/c++/14.2.0] ==> [/usr/local/include/c++/14.2.0]
  collapse include dir [/usr/local/lib/gcc/aarch64-linux-gnu/14.2.0/../../../../include/c++/14.2.0/aarch64-linux-gnu] ==> [/usr/local/include/c++/14.2.0/aarch64-linux-gnu]
  collapse include dir [/usr/local/lib/gcc/aarch64-linux-gnu/14.2.0/../../../../include/c++/14.2.0/backward] ==> [/usr/local/include/c++/14.2.0/backward]
  collapse include dir [/usr/local/lib/gcc/aarch64-linux-gnu/14.2.0/include] ==> [/usr/local/lib/gcc/aarch64-linux-gnu/14.2.0/include]
  collapse include dir [/usr/local/include] ==> [/usr/local/include]
  collapse include dir [/usr/local/lib/gcc/aarch64-linux-gnu/14.2.0/include-fixed] ==> [/usr/local/lib/gcc/aarch64-linux-gnu/14.2.0/include-fixed]
  collapse include dir [/usr/include/aarch64-linux-gnu] ==> [/usr/include/aarch64-linux-gnu]
  collapse include dir [/usr/include] ==> [/usr/include]
  implicit include dirs: [/usr/local/include/c++/14.2.0;/usr/local/include/c++/14.2.0/aarch64-linux-gnu;/usr/local/include/c++/14.2.0/backward;/usr/local/lib/gcc/aarch64-linux-gnu/14.2.0/include;/usr/local/include;/usr/local/lib/gcc/aarch64-linux-gnu/14.2.0/include-fixed;/usr/include/aarch64-linux-gnu;/usr/include]


Parsed CXX implicit link information from above output:
  link line regex: [^( *|.*[/\])(aarch64-linux-gnu-ld|CMAKE_LINK_STARTFILE-NOTFOUND|([^/\]+-)?ld|collect2)[^/\]*( |$)]
  ignore line: [Change Dir: /workspaces/ProgettoCG/build/CMakeFiles/CMakeScratch/TryCompile-eOXjEQ]
  ignore line: []
  ignore line: [Run Build Command(s):/usr/bin/ninja cmTC_418f4 && [1/2] Building CXX object CMakeFiles/cmTC_418f4.dir/CMakeCXXCompilerABI.cpp.o]
  ignore line: [Using built-in specs.]
  ignore line: [COLLECT_GCC=/usr/local/bin/aarch64-linux-gnu-g++]
  ignore line: [Target: aarch64-linux-gnu]
  ignore line: [Configured with: /usr/src/gcc/configure --build=aarch64-linux-gnu --disable-multilib --enable-languages=c c++ fortran go]
  ignore line: [Thread model: posix]
  ignore line: [Supported LTO compression algorithms: zlib zstd]
  ignore line: [gcc version 14.2.0 (GCC) ]
  ignore line: [COLLECT_GCC_OPTIONS='-v' '-o' 'CMakeFiles/cmTC_418f4.dir/CMakeCXXCompilerABI.cpp.o' '-c' '-shared-libgcc' '-mlittle-endian' '-mabi=lp64' '-dumpdir' 'CMakeFiles/cmTC_418f4.dir/']
  ignore line: [ /usr/local/libexec/gcc/aarch64-linux-gnu/14.2.0/cc1plus -quiet -v -imultiarch aarch64-linux-gnu -D_GNU_SOURCE /usr/share/cmake-3.25/Modules/CMakeCXXCompilerABI.cpp -quiet -dumpdir CMakeFiles/cmTC_418f4.dir/ -dumpbase CMakeCXXCompilerABI.cpp.cpp -dumpbase-ext .cpp -mlittle-endian -mabi=lp64 -version -o /tmp/ccGrWGYe.s]
  ignore line: [GNU C++17 (GCC) version 14.2.0 (aarch64-linux-gnu)]
  ignore line: [	compiled by GNU C version 14.2.0  GMP version 6.2.1  MPFR version 4.1.0  MPC version 1.2.1  isl version isl-0.24-GMP]
  ignore line: []
  ignore line: [GGC heuristics: --param ggc-min-expand=100 --param ggc-min-heapsize=131072]
  ignore line: [ignoring nonexistent directory "/usr/local/include/aarch64-linux-gnu"]
  ignore line: [ignoring nonexistent directory "/usr/local/lib/gcc/aarch64-linux-gnu/14.2.0/include-fixed/aarch64-linux-gnu"]
  ignore line: [ignoring nonexistent directory "/usr/local/lib/gcc/aarch64-linux-gnu/14.2.0/../../../../aarch64-linux-gnu/include"]
  ignore line: [#include "..." search starts here:]
  ignore line: [#include <...> search starts here:]
  ignore line: [ /usr/local/lib/gcc/aarch64-linux-gnu/14.2.0/../../../../include/c++/14.2.0]
  ignore line: [ /usr/local/lib/gcc/aarch64-linux-gnu/14.2.0/../../../../include/c++/14.2.0/aarch64-linux-gnu]
  ignore line: [ /usr/local/lib/gcc/aarch64-linux-gnu/14.2.0/../../../../include/c++/14.2.0/backward]
  ignore line: [ /usr/local/lib/gcc/aarch64-linux-gnu/14.2.0/include]
  ignore line: [ /usr/local/include]
  ignore line: [ /usr/local/lib/gcc/aarch64-linux-gnu/14.2.0/include-fixed]
  ignore line: [ /usr/include/aarch64-linux-gnu]
  ignore line: [ /usr/include]
  ignore line: [End of search list.]
  ignore line: [Compiler executable checksum: 7569389ba93da353bdc1135f4c4e72d6]
  ignore line: [COLLECT_GCC_OPTIONS='-v' '-o' 'CMakeFiles/cmTC_418f4.dir/CMakeCXXCompilerABI.cpp.o' '-c' '-shared-libgcc' '-mlittle-endian' '-mabi=lp64' '-dumpdir' 'CMakeFiles/cmTC_418f4.dir/']
  ignore line: [ as -v -EL -mabi=lp64 -o CMakeFiles/cmTC_418f4.dir/CMakeCXXCompilerABI.cpp.o /tmp/ccGrWGYe.s]
  ignore line: [GNU assembler version 2.40 (aarch64-linux-gnu) using BFD version (GNU Binutils for Debian) 2.40]
  ignore line: [COMPILER_PATH=/usr/local/libexec/gcc/aarch64-linux-gnu/14.2.0/:/usr/local/libexec/gcc/aarch64-linux-gnu/14.2.0/:/usr/local/libexec/gcc/aarch64-linux-gnu/:/usr/local/lib/gcc/aarch64-linux-gnu/14.2.0/:/usr/local/lib/gcc/aarch64-linux-gnu/]
  ignore line: [LIBRARY_PATH=/usr/local/lib/gcc/aarch64-linux-gnu/14.2.0/:/usr/local/lib/gcc/aarch64-linux-gnu/14.2.0/../../../../lib64/:/lib/aarch64-linux-gnu/:/usr/lib/aarch64-linux-gnu/:/usr/local/lib/gcc/aarch64-linux-gnu/14.2.0/../../../:/lib/:/usr/lib/]
  ignore line: [COLLECT_GCC_OPTIONS='-v' '-o' 'CMakeFiles/cmTC_418f4.dir/CMakeCXXCompilerABI.cpp.o' '-c' '-shared-libgcc' '-mlittle-endian' '-mabi=lp64' '-dumpdir' 'CMakeFiles/cmTC_418f4.dir/CMakeCXXCompilerABI.cpp.']
  ignore line: [[2/2] Linking CXX executable cmTC_418f4]
  ignore line: [Using built-in specs.]
  ignore line: [COLLECT_GCC=/usr/local/bin/aarch64-linux-gnu-g++]
  ignore line: [COLLECT_LTO_WRAPPER=/usr/local/libexec/gcc/aarch64-linux-gnu/14.2.0/lto-wrapper]
  ignore line: [Target: aarch64-linux-gnu]
  ignore line: [Configured with: /usr/src/gcc/configure --build=aarch64-linux-gnu --disable-multilib --enable-languages=c c++ fortran go]
  ignore line: [Thread model: posix]
  ignore line: [Supported LTO compression algorithms: zlib zstd]
  ignore line: [gcc version 14.2.0 (GCC) ]
  ignore line: [COMPILER_PATH=/usr/local/libexec/gcc/aarch64-linux-gnu/14.2.0/:/usr/local/libexec/gcc/aarch64-linux-gnu/14.2.0/:/usr/local/libexec/gcc/aarch64-linux-gnu/:/usr/local/lib/gcc/aarch64-linux-gnu/14.2.0/:/usr/local/lib/gcc/aarch64-linux-gnu/]
  ignore line: [LIBRARY_PATH=/usr/local/lib/gcc/aarch64-linux-gnu/14.2.0/:/usr/local/lib/gcc/aarch64-linux-gnu/14.2.0/../../../../lib64/:/lib/aarch64-linux-gnu/:/usr/lib/aarch64-linux-gnu/:/usr/local/lib/gcc/aarch64-linux-gnu/14.2.0/../../../:/lib/:/usr/lib/]
  ignore line: [COLLECT_GCC_OPTIONS='-v' '-o' 'cmTC_418f4' '-shared-libgcc' '-mlittle-endian' '-mabi=lp64' '-dumpdir' 'cmTC_418f4.']
  link line: [ /usr/local/libexec/gcc/aarch64-linux-gnu/14.2.0/collect2 -plugin /usr/local/libexec/gcc/aarch64-linux-gnu/14.2.0/liblto_plugin.so -plugin-opt=/usr/local/libexec/gcc/aarch64-linux-gnu/14.2.0/lto-wrapper -plugin-opt=-fresolution=/tmp/ccSjxzE5.res -plugin-opt=-pass-through=-lgcc_s -plugin-opt=-pass-through=-lgcc -plugin-opt=-pass-through=-lc -plugin-opt=-pass-through=-lgcc_s -plugin-opt=-pass-through=-lgcc --eh-frame-hdr -dynamic-linker /lib/ld-linux-aarch64.so.1 -X -EL -maarch64linux -o cmTC_418f4 /lib/aarch64-linux-gnu/crt1.o /lib/aarch64-linux-gnu/crti.o /usr/local/lib/gcc/aarch64-linux-gnu/14.2.0/crtbegin.o -L/usr/local/lib/gcc/aarch64-linux-gnu/14.2.0 -L/usr/local/lib/gcc/aarch64-linux-gnu/14.2.0/../../../../lib64 -L/lib/aarch64-linux-gnu -L/usr/lib/aarch64-linux-gnu -L/usr/local/lib/gcc/aarch64-linux-gnu/14.2.0/../../.. CMakeFiles/cmTC_418f4.dir/CMakeCXXCompilerABI.cpp.o -lstdc++ -lm -lgcc_s -lgcc -lc -lgcc_s -lgcc /usr/local/lib/gcc/aarch64-linux-gnu/14.2.0/crtend.o /lib/aarch64-linux-gnu/crtn.o]
    arg [/usr/local/libexec/gcc/aarch64-linux-gnu/14.2.0/collect2] ==> ignore
    arg [-plugin] ==> ignore
    arg [/usr/local/libexec/gcc/aarch64-linux-gnu/14.2.0/liblto_plugin.so] ==> ignore
    arg [-plugin-opt=/usr/local/libexec/gcc/aarch64-linux-gnu/14.2.0/lto-wrapper] ==> ignore
    arg [-plugin-opt=-fresolution=/tmp/ccSjxzE5.res] ==> ignore
    arg [-plugin-opt=-pass-through=-lgcc_s] ==> ignore
    arg [-plugin-opt=-pass-through=-lgcc] ==> ignore
    arg [-plugin-opt=-pass-through=-lc] ==> ignore
    arg [-plugin-opt=-pass-through=-lgcc_s] ==> ignore
    arg [-plugin-opt=-pass-through=-lgcc] ==> ignore
    arg [--eh-frame-hdr] ==> ignore
    arg [-dynamic-linker] ==> ignore
    arg [/lib/ld-linux-aarch64.so.1] ==> ignore
    arg [-X] ==> ignore
    arg [-EL] ==> ignore
    arg [-maarch64linux] ==> ignore
    arg [-o] ==> ignore
    arg [cmTC_418f4] ==> ignore
    arg [/lib/aarch64-linux-gnu/crt1.o] ==> obj [/lib/aarch64-linux-gnu/crt1.o]
    arg [/lib/aarch64-linux-gnu/crti.o] ==> obj [/lib/aarch64-linux-gnu/crti.o]
    arg [/usr/local/lib/gcc/aarch64-linux-gnu/14.2.0/crtbegin.o] ==> obj [/usr/local/lib/gcc/aarch64-linux-gnu/14.2.0/crtbegin.o]
    arg [-L/usr/local/lib/gcc/aarch64-linux-gnu/14.2.0] ==> dir [/usr/local/lib/gcc/aarch64-linux-gnu/14.2.0]
    arg [-L/usr/local/lib/gcc/aarch64-linux-gnu/14.2.0/../../../../lib64] ==> dir [/usr/local/lib/gcc/aarch64-linux-gnu/14.2.0/../../../../lib64]
    arg [-L/lib/aarch64-linux-gnu] ==> dir [/lib/aarch64-linux-gnu]
    arg [-L/usr/lib/aarch64-linux-gnu] ==> dir [/usr/lib/aarch64-linux-gnu]
    arg [-L/usr/local/lib/gcc/aarch64-linux-gnu/14.2.0/../../..] ==> dir [/usr/local/lib/gcc/aarch64-linux-gnu/14.2.0/../../..]
    arg [CMakeFiles/cmTC_418f4.dir/CMakeCXXCompilerABI.cpp.o] ==> ignore
    arg [-lstdc++] ==> lib [stdc++]
    arg [-lm] ==> lib [m]
    arg [-lgcc_s] ==> lib [gcc_s]
    arg [-lgcc] ==> lib [gcc]
    arg [-lc] ==> lib [c]
    arg [-lgcc_s] ==> lib [gcc_s]
    arg [-lgcc] ==> lib [gcc]
    arg [/usr/local/lib/gcc/aarch64-linux-gnu/14.2.0/crtend.o] ==> obj [/usr/local/lib/gcc/aarch64-linux-gnu/14.2.0/crtend.o]
    arg [/lib/aarch64-linux-gnu/crtn.o] ==> obj [/lib/aarch64-linux-gnu/crtn.o]
  collapse library dir [/usr/local/lib/gcc/aarch64-linux-gnu/14.2.0] ==> [/usr/local/lib/gcc/aarch64-linux-gnu/14.2.0]
  collapse library dir [/usr/local/lib/gcc/aarch64-linux-gnu/14.2.0/../../../../lib64] ==> [/usr/local/lib64]
  collapse library dir [/lib/aarch64-linux-gnu] ==> [/lib/aarch64-linux-gnu]
  collapse library dir [/usr/lib/aarch64-linux-gnu] ==> [/usr/lib/aarch64-linux-gnu]
  collapse library dir [/usr/local/lib/gcc/aarch64-linux-gnu/14.2.0/../../..] ==> [/usr/local/lib]
  implicit libs: [stdc++;m;gcc_s;gcc;c;gcc_s;gcc]
  implicit objs: [/lib/aarch64-linux-gnu/crt1.o;/lib/aarch64-linux-gnu/crti.o;/usr/local/lib/gcc/aarch64-linux-gnu/14.2.0/crtbegin.o;/usr/local/lib/gcc/aarch64-linux-gnu/14.2.0/crtend.o;/lib/aarch64-linux-gnu/crtn.o]
  implicit dirs: [/usr/local/lib/gcc/aarch64-linux-gnu/14.2.0;/usr/local/lib64;/lib/aarch64-linux-gnu;/usr/lib/aarch64-linux-gnu;/usr/local/lib]
  implicit fwks: []


